Determining if the pthread_create exist failed with the following output:
Change Dir: /home/paravisi/ROSPlan/build/CMakeFiles/CMakeTmp

Run Build Command:/usr/bin/make "cmTryCompileExec3548743505/fast"
/usr/bin/make -f CMakeFiles/cmTryCompileExec3548743505.dir/build.make CMakeFiles/cmTryCompileExec3548743505.dir/build
make[1]: Entering directory `/home/paravisi/ROSPlan/build/CMakeFiles/CMakeTmp'
/usr/bin/cmake -E cmake_progress_report /home/paravisi/ROSPlan/build/CMakeFiles/CMakeTmp/CMakeFiles 1
Building C object CMakeFiles/cmTryCompileExec3548743505.dir/CheckSymbolExists.c.o
/usr/bin/cc    -o CMakeFiles/cmTryCompileExec3548743505.dir/CheckSymbolExists.c.o   -c /home/paravisi/ROSPlan/build/CMakeFiles/CMakeTmp/CheckSymbolExists.c
Linking C executable cmTryCompileExec3548743505
/usr/bin/cmake -E cmake_link_script CMakeFiles/cmTryCompileExec3548743505.dir/link.txt --verbose=1
/usr/bin/cc       CMakeFiles/cmTryCompileExec3548743505.dir/CheckSymbolExists.c.o  -o cmTryCompileExec3548743505 -rdynamic 
CMakeFiles/cmTryCompileExec3548743505.dir/CheckSymbolExists.c.o: In function `main':
CheckSymbolExists.c:(.text+0x16): undefined reference to `pthread_create'
collect2: error: ld returned 1 exit status
make[1]: Leaving directory `/home/paravisi/ROSPlan/build/CMakeFiles/CMakeTmp'
make[1]: *** [cmTryCompileExec3548743505] Error 1
make: *** [cmTryCompileExec3548743505/fast] Error 2

File /home/paravisi/ROSPlan/build/CMakeFiles/CMakeTmp/CheckSymbolExists.c:
/* */
#include <pthread.h>

int main(int argc, char** argv)
{
  (void)argv;
#ifndef pthread_create
  return ((int*)(&pthread_create))[argc];
#else
  (void)argc;
  return 0;
#endif
}

Determining if the function pthread_create exists in the pthreads failed with the following output:
Change Dir: /home/paravisi/ROSPlan/build/CMakeFiles/CMakeTmp

Run Build Command:/usr/bin/make "cmTryCompileExec2724248594/fast"
/usr/bin/make -f CMakeFiles/cmTryCompileExec2724248594.dir/build.make CMakeFiles/cmTryCompileExec2724248594.dir/build
make[1]: Entering directory `/home/paravisi/ROSPlan/build/CMakeFiles/CMakeTmp'
/usr/bin/cmake -E cmake_progress_report /home/paravisi/ROSPlan/build/CMakeFiles/CMakeTmp/CMakeFiles 1
Building C object CMakeFiles/cmTryCompileExec2724248594.dir/CheckFunctionExists.c.o
/usr/bin/cc   -DCHECK_FUNCTION_EXISTS=pthread_create   -o CMakeFiles/cmTryCompileExec2724248594.dir/CheckFunctionExists.c.o   -c /usr/share/cmake-2.8/Modules/CheckFunctionExists.c
Linking C executable cmTryCompileExec2724248594
/usr/bin/cmake -E cmake_link_script CMakeFiles/cmTryCompileExec2724248594.dir/link.txt --verbose=1
/usr/bin/cc   -DCHECK_FUNCTION_EXISTS=pthread_create    CMakeFiles/cmTryCompileExec2724248594.dir/CheckFunctionExists.c.o  -o cmTryCompileExec2724248594 -rdynamic -lpthreads 
/usr/bin/ld: cannot find -lpthreads
collect2: error: ld returned 1 exit status
make[1]: Leaving directory `/home/paravisi/ROSPlan/build/CMakeFiles/CMakeTmp'
make[1]: *** [cmTryCompileExec2724248594] Error 1
make: *** [cmTryCompileExec2724248594/fast] Error 2


